
{
    "request": {
        "timestamp": "2025-03-11T16:10:49.316Z",
        "ip": "::1",
        "method": "GET",
        "url": "/api/applications/user/Jmp1vEPB1QUq1lHDHeVbz6ZgCer2",
        "headers": {
            "host": "localhost:5000",
            "connection": "keep-alive",
            "sec-ch-ua-platform": "\"Windows\"",
            "user-agent": "Mozilla/5.0 (Windows NT 10.0; Win64; x64) AppleWebKit/537.36 (KHTML, like Gecko) Chrome/134.0.0.0 Safari/537.36",
            "accept": "application/json, text/plain, */*",
            "sec-ch-ua": "\"Chromium\";v=\"134\", \"Not:A-Brand\";v=\"24\", \"Google Chrome\";v=\"134\"",
            "sec-ch-ua-mobile": "?0",
            "origin": "http://localhost:5173",
            "sec-fetch-site": "same-site",
            "sec-fetch-mode": "cors",
            "sec-fetch-dest": "empty",
            "referer": "http://localhost:5173/",
            "accept-encoding": "gzip, deflate, br, zstd",
            "accept-language": "en-US,en;q=0.9"
        },
        "body": {},
        "params": {},
        "query": {},
        "route": "Unknown"
    },
    "response": {
        "timestamp": "2025-03-11T16:10:51.896Z",
        "statusCode": 404,
        "headers": {
            "x-powered-by": "Express",
            "access-control-allow-origin": "*",
            "content-type": "application/json; charset=utf-8"
        },
        "body": "{\"message\":\"No applications found for this user\"}"
    }
}

{
    "request": {
        "timestamp": "2025-03-11T16:11:24.822Z",
        "ip": "::1",
        "method": "GET",
        "url": "/api/applications/user/Y8owtSPWXddRGLr2ClSAGvHL7fa2",
        "headers": {
            "host": "localhost:5000",
            "connection": "keep-alive",
            "sec-ch-ua-platform": "\"Windows\"",
            "user-agent": "Mozilla/5.0 (Windows NT 10.0; Win64; x64) AppleWebKit/537.36 (KHTML, like Gecko) Chrome/134.0.0.0 Safari/537.36",
            "accept": "application/json, text/plain, */*",
            "sec-ch-ua": "\"Chromium\";v=\"134\", \"Not:A-Brand\";v=\"24\", \"Google Chrome\";v=\"134\"",
            "sec-ch-ua-mobile": "?0",
            "origin": "http://localhost:5173",
            "sec-fetch-site": "same-site",
            "sec-fetch-mode": "cors",
            "sec-fetch-dest": "empty",
            "referer": "http://localhost:5173/",
            "accept-encoding": "gzip, deflate, br, zstd",
            "accept-language": "en-US,en;q=0.9",
            "if-none-match": "W/\"197a-jHURkwyd6cohnoQMpxI/lrxTKcI\""
        },
        "body": {},
        "params": {},
        "query": {},
        "route": "Unknown"
    },
    "response": {
        "timestamp": "2025-03-11T16:11:26.946Z",
        "statusCode": 200,
        "headers": {
            "x-powered-by": "Express",
            "access-control-allow-origin": "*",
            "content-type": "application/json; charset=utf-8"
        },
        "body": "{\"applications\":[{\"id\":\"jEUyP8H64f0SUoBfW0sr\",\"applicationId\":\"APP6667\",\"userId\":\"Y8owtSPWXddRGLr2ClSAGvHL7fa2\",\"initialFormId\":\"ICXInIjhu0xEtKquMLLF\",\"studentFormId\":\"JBXsTYIaR5igogT3c5ku\",\"documentsFormId\":\"suHpz8sY0RvfkJBGGf6d\",\"verified\":true,\"documents\":{},\"type\":\"aes\",\"price\":\"600\",\"applicationStatus\":[{\"statusname\":\"Student Intake Form\",\"completed\":false,\"time\":\"2025-03-11T09:09:58.157Z\"},{\"statusname\":\"payment\",\"installmentsApplied\":false,\"paid\":false,\"time\":\"2025-03-11T09:09:58.157Z\"},{\"statusname\":\"documents uploaded\",\"completed\":false,\"time\":\"2025-03-11T09:09:58.157Z\"},{\"statusname\":\"sent for verification\",\"time\":\"2025-03-11T09:09:58.157Z\"},{\"statusname\":\"verified\",\"time\":\"2025-03-11T09:09:58.157Z\"},{\"statusname\":\"completed\",\"time\":\"2025-03-11T09:09:58.157Z\"}],\"studentIntakeFormSubmitted\":true,\"payment1\":\"300\",\"payment2\":\"300\",\"partialScheme\":true,\"documentsUploaded\":true,\"paid\":true,\"amount_paid\":\"600\",\"full_paid\":true,\"assessed\":true,\"certificateId\":\"https://firebasestorage.googleapis.com/v0/b/testca-e3e5e.firebasestorage.app/o/f5889091-54c4-443f-b3e6-0d039d43e3cf?alt=media&token=6564f0c1-dc4c-4997-aea2-004968156697\",\"color\":\"green\",\"currentStatus\":\"Certificate Generated\",\"status\":[{\"statusname\":\"Student Intake Form\",\"time\":\"2025-03-11T09:09:58.157Z\"},{\"statusname\":\"Waiting for Documents\",\"time\":\"2025-03-11T09:42:17.117Z\"},{\"statusname\":\"Documents Uploaded\",\"time\":\"2025-03-11T09:52:04.077Z\"},{\"statusname\":\"Sent to Assessor\",\"time\":\"2025-03-11T09:55:58.282Z\"},{\"statusname\":\"Certificate Generated\",\"time\":\"2025-03-11T10:08:53.000Z\"}],\"initialForm\":{\"userId\":\"Y8owtSPWXddRGLr2ClSAGvHL7fa2\",\"formal_education\":\"No\",\"qualification\":\"\",\"state\":\"Victoria\",\"yearsOfExperience\":\"3-4 years\",\"locationOfExperience\":\"Overseas\",\"industry\":\"HealthCare\",\"lookingForWhatQualification\":\"Diploma\",\"id\":\"ICXInIjhu0xEtKquMLLF\"},\"studentForm\":{\"userId\":\"Y8owtSPWXddRGLr2ClSAGvHL7fa2\",\"educationLevel\":null,\"previousQualifications\":null,\"id\":\"JBXsTYIaR5igogT3c5ku\",\"date\":\"2025-03-11\",\"lastName\":\"Sipra\",\"employersLegalName\":\"\",\"gender\":\"male\",\"disability\":\"No\",\"businessName\":\"\",\"employmentStatus\":\"Unemployed\",\"englishLevel\":\"FLuent\",\"countryOfBirth\":\"Australia\",\"australianCitizen\":\"No\",\"contactNumber\":\"611111111111\",\"state\":\"NSW\",\"creditsTransfer\":\"No\",\"email\":\"sohaibsipra868@gmail.com\",\"homeAddress\":\"F\",\"employersContactNumber\":\"\",\"nameOfQualification\":\"\",\"postcode\":\"2000\",\"aboriginalOrTorresStraitIslander\":\"No\",\"USI\":\"12345\",\"agree\":true,\"employersAddress\":\"\",\"firstName\":\"Sohaib\",\"dob\":\"2002-08-16\",\"suburb\":\"F\",\"middleName\":\"Ahmed\",\"position\":\"\",\"YearCompleted\":\"\"},\"documentsForm\":{\"userId\":\"Y8owtSPWXddRGLr2ClSAGvHL7fa2\",\"license\":null,\"passport\":null,\"birth_certificate\":null,\"medicare\":null,\"creditcard\":null,\"id\":\"suHpz8sY0RvfkJBGGf6d\",\"driversLicense\":{\"fileUrl\":\"https://firebasestorage.googleapis.com/v0/b/testca-e3e5e.firebasestorage.app/o/Y8owtSPWXddRGLr2ClSAGvHL7fa2%2FjEUyP8H64f0SUoBfW0sr%2FdriversLicense%2Fe84130fd-6a27-4309-8b46-5fb6eeb2b3af_receipt-df288025.pdf?alt=media&token=d86bbdca-41bf-4a45-a2d3-664a18c0ba59\",\"fileName\":\"Y8owtSPWXddRGLr2ClSAGvHL7fa2/jEUyP8H64f0SUoBfW0sr/driversLicense/e84130fd-6a27-4309-8b46-5fb6eeb2b3af_receipt-df288025.pdf\",\"accessToken\":\"d86bbdca-41bf-4a45-a2d3-664a18c0ba59\"},\"birthCertificate\":{\"fileUrl\":\"https://firebasestorage.googleapis.com/v0/b/testca-e3e5e.firebasestorage.app/o/Y8owtSPWXddRGLr2ClSAGvHL7fa2%2FjEUyP8H64f0SUoBfW0sr%2FbirthCertificate%2Fc35d4ce0-fef6-44a3-b9a6-68819846b28b_marriage-certificate-11111%20(1).pdf?alt=media&token=639ce7aa-435b-4c4e-b256-b0e660d42207\",\"fileName\":\"Y8owtSPWXddRGLr2ClSAGvHL7fa2/jEUyP8H64f0SUoBfW0sr/birthCertificate/c35d4ce0-fef6-44a3-b9a6-68819846b28b_marriage-certificate-11111 (1).pdf\",\"accessToken\":\"639ce7aa-435b-4c4e-b256-b0e660d42207\"},\"resume\":{\"fileUrl\":\"https://firebasestorage.googleapis.com/v0/b/testca-e3e5e.firebasestorage.app/o/Y8owtSPWXddRGLr2ClSAGvHL7fa2%2FjEUyP8H64f0SUoBfW0sr%2Fresume%2F072178ec-45f3-49a3-bd4e-4c193ef276a3_marriage-certificate-11111%20(1).pdf?alt=media&token=48147f98-90ca-4e1e-8f3b-fde663932c04\",\"fileName\":\"Y8owtSPWXddRGLr2ClSAGvHL7fa2/jEUyP8H64f0SUoBfW0sr/resume/072178ec-45f3-49a3-bd4e-4c193ef276a3_marriage-certificate-11111 (1).pdf\",\"accessToken\":\"48147f98-90ca-4e1e-8f3b-fde663932c04\"},\"previousQualifications\":{\"fileUrl\":\"https://firebasestorage.googleapis.com/v0/b/testca-e3e5e.firebasestorage.app/o/Y8owtSPWXddRGLr2ClSAGvHL7fa2%2FjEUyP8H64f0SUoBfW0sr%2FpreviousQualifications%2Fcccce002-87bc-4181-946a-d13c3a7c6943_marriage-certificate-11111%20(1).pdf?alt=media&token=0740818d-f681-4df5-9ce1-db163a35e5b5\",\"fileName\":\"Y8owtSPWXddRGLr2ClSAGvHL7fa2/jEUyP8H64f0SUoBfW0sr/previousQualifications/cccce002-87bc-4181-946a-d13c3a7c6943_marriage-certificate-11111 (1).pdf\",\"accessToken\":\"0740818d-f681-4df5-9ce1-db163a35e5b5\"},\"reference1\":{\"fileUrl\":\"https://firebasestorage.googleapis.com/v0/b/testca-e3e5e.firebasestorage.app/o/Y8owtSPWXddRGLr2ClSAGvHL7fa2%2FjEUyP8H64f0SUoBfW0sr%2Freference1%2F84797d1a-7729-43ff-bce8-3c7d39ac0a3f_marriage-certificate-11111%20(1).pdf?alt=media&token=ac9bf8c9-5a8a-4440-aadb-39d93a05d192\",\"fileName\":\"Y8owtSPWXddRGLr2ClSAGvHL7fa2/jEUyP8H64f0SUoBfW0sr/reference1/84797d1a-7729-43ff-bce8-3c7d39ac0a3f_marriage-certificate-11111 (1).pdf\",\"accessToken\":\"ac9bf8c9-5a8a-4440-aadb-39d93a05d192\"},\"reference2\":{\"fileUrl\":\"https://firebasestorage.googleapis.com/v0/b/testca-e3e5e.firebasestorage.app/o/Y8owtSPWXddRGLr2ClSAGvHL7fa2%2FjEUyP8H64f0SUoBfW0sr%2Freference2%2F7f0018d3-da2d-4b19-bf00-d187a380d195_marriage-certificate-11111%20(1).pdf?alt=media&token=6418faa2-4ec2-4b5e-adac-adcf48ff899e\",\"fileName\":\"Y8owtSPWXddRGLr2ClSAGvHL7fa2/jEUyP8H64f0SUoBfW0sr/reference2/7f0018d3-da2d-4b19-bf00-d187a380d195_marriage-certificate-11111 (1).pdf\",\"accessToken\":\"6418faa2-4ec2-4b5e-adac-adcf48ff899e\"},\"employmentLetter\":{\"fileUrl\":\"https://firebasestorage.googleapis.com/v0/b/testca-e3e5e.firebasestorage.app/o/Y8owtSPWXddRGLr2ClSAGvHL7fa2%2FjEUyP8H64f0SUoBfW0sr%2FemploymentLetter%2Fa6a371e6-2423-41fd-b686-6da489d17680_marriage-certificate-11111%20(1).pdf?alt=media&token=a2f6b8d5-f10d-4a46-adb1-a301a538694b\",\"fileName\":\"Y8owtSPWXddRGLr2ClSAGvHL7fa2/jEUyP8H64f0SUoBfW0sr/employmentLetter/a6a371e6-2423-41fd-b686-6da489d17680_marriage-certificate-11111 (1).pdf\",\"accessToken\":\"a2f6b8d5-f10d-4a46-adb1-a301a538694b\"},\"payslip\":{\"fileUrl\":\"https://firebasestorage.googleapis.com/v0/b/testca-e3e5e.firebasestorage.app/o/Y8owtSPWXddRGLr2ClSAGvHL7fa2%2FjEUyP8H64f0SUoBfW0sr%2Fpayslip%2F6c0872a5-1f47-49d1-93d9-d33fcec7a363_marriage-certificate-11111%20(1).pdf?alt=media&token=6c77edf5-aa65-4d00-943d-8bdfb4333423\",\"fileName\":\"Y8owtSPWXddRGLr2ClSAGvHL7fa2/jEUyP8H64f0SUoBfW0sr/payslip/6c0872a5-1f47-49d1-93d9-d33fcec7a363_marriage-certificate-11111 (1).pdf\",\"accessToken\":\"6c77edf5-aa65-4d00-943d-8bdfb4333423\"}}}]}"
    }
}

{
    "request": {
        "timestamp": "2025-03-11T16:11:57.854Z",
        "ip": "::1",
        "method": "GET",
        "url": "/api/applications/user/Y8owtSPWXddRGLr2ClSAGvHL7fa2",
        "headers": {
            "host": "localhost:5000",
            "connection": "keep-alive",
            "sec-ch-ua-platform": "\"Windows\"",
            "user-agent": "Mozilla/5.0 (Windows NT 10.0; Win64; x64) AppleWebKit/537.36 (KHTML, like Gecko) Chrome/134.0.0.0 Safari/537.36",
            "accept": "application/json, text/plain, */*",
            "sec-ch-ua": "\"Chromium\";v=\"134\", \"Not:A-Brand\";v=\"24\", \"Google Chrome\";v=\"134\"",
            "sec-ch-ua-mobile": "?0",
            "origin": "http://localhost:5173",
            "sec-fetch-site": "same-site",
            "sec-fetch-mode": "cors",
            "sec-fetch-dest": "empty",
            "referer": "http://localhost:5173/",
            "accept-encoding": "gzip, deflate, br, zstd",
            "accept-language": "en-US,en;q=0.9",
            "if-none-match": "W/\"1a8e-xgJQT1/URxZZ+VhvMmTtbvo9tKE\""
        },
        "body": {},
        "params": {},
        "query": {},
        "route": "Unknown"
    },
    "response": {
        "timestamp": "2025-03-11T16:11:59.968Z",
        "statusCode": 200,
        "headers": {
            "x-powered-by": "Express",
            "access-control-allow-origin": "*",
            "content-type": "application/json; charset=utf-8"
        },
        "body": "{\"applications\":[{\"id\":\"jEUyP8H64f0SUoBfW0sr\",\"applicationId\":\"APP6667\",\"userId\":\"Y8owtSPWXddRGLr2ClSAGvHL7fa2\",\"initialFormId\":\"ICXInIjhu0xEtKquMLLF\",\"studentFormId\":\"JBXsTYIaR5igogT3c5ku\",\"documentsFormId\":\"suHpz8sY0RvfkJBGGf6d\",\"verified\":true,\"documents\":{},\"type\":\"aes\",\"price\":\"600\",\"applicationStatus\":[{\"statusname\":\"Student Intake Form\",\"completed\":false,\"time\":\"2025-03-11T09:09:58.157Z\"},{\"statusname\":\"payment\",\"installmentsApplied\":false,\"paid\":false,\"time\":\"2025-03-11T09:09:58.157Z\"},{\"statusname\":\"documents uploaded\",\"completed\":false,\"time\":\"2025-03-11T09:09:58.157Z\"},{\"statusname\":\"sent for verification\",\"time\":\"2025-03-11T09:09:58.157Z\"},{\"statusname\":\"verified\",\"time\":\"2025-03-11T09:09:58.157Z\"},{\"statusname\":\"completed\",\"time\":\"2025-03-11T09:09:58.157Z\"}],\"studentIntakeFormSubmitted\":true,\"payment1\":\"300\",\"payment2\":\"300\",\"partialScheme\":true,\"documentsUploaded\":true,\"paid\":true,\"amount_paid\":\"600\",\"full_paid\":true,\"assessed\":true,\"certificateId\":\"https://firebasestorage.googleapis.com/v0/b/testca-e3e5e.firebasestorage.app/o/f5889091-54c4-443f-b3e6-0d039d43e3cf?alt=media&token=6564f0c1-dc4c-4997-aea2-004968156697\",\"color\":\"green\",\"currentStatus\":\"Certificate Generated\",\"status\":[{\"statusname\":\"Student Intake Form\",\"time\":\"2025-03-11T09:09:58.157Z\"},{\"statusname\":\"Waiting for Documents\",\"time\":\"2025-03-11T09:42:17.117Z\"},{\"statusname\":\"Documents Uploaded\",\"time\":\"2025-03-11T09:52:04.077Z\"},{\"statusname\":\"Sent to Assessor\",\"time\":\"2025-03-11T09:55:58.282Z\"},{\"statusname\":\"Certificate Generated\",\"time\":\"2025-03-11T10:08:53.000Z\"}],\"initialForm\":{\"userId\":\"Y8owtSPWXddRGLr2ClSAGvHL7fa2\",\"formal_education\":\"No\",\"qualification\":\"\",\"state\":\"Victoria\",\"yearsOfExperience\":\"3-4 years\",\"locationOfExperience\":\"Overseas\",\"industry\":\"HealthCare\",\"lookingForWhatQualification\":\"Diploma\",\"id\":\"ICXInIjhu0xEtKquMLLF\"},\"studentForm\":{\"userId\":\"Y8owtSPWXddRGLr2ClSAGvHL7fa2\",\"educationLevel\":null,\"previousQualifications\":null,\"id\":\"JBXsTYIaR5igogT3c5ku\",\"date\":\"2025-03-11\",\"lastName\":\"Sipra\",\"employersLegalName\":\"\",\"gender\":\"male\",\"disability\":\"No\",\"businessName\":\"\",\"employmentStatus\":\"Unemployed\",\"englishLevel\":\"FLuent\",\"countryOfBirth\":\"Australia\",\"australianCitizen\":\"No\",\"contactNumber\":\"611111111111\",\"state\":\"NSW\",\"creditsTransfer\":\"No\",\"email\":\"sohaibsipra868@gmail.com\",\"homeAddress\":\"F\",\"employersContactNumber\":\"\",\"nameOfQualification\":\"\",\"postcode\":\"2000\",\"aboriginalOrTorresStraitIslander\":\"No\",\"USI\":\"12345\",\"agree\":true,\"employersAddress\":\"\",\"firstName\":\"Sohaib\",\"dob\":\"2002-08-16\",\"suburb\":\"F\",\"middleName\":\"Ahmed\",\"position\":\"\",\"YearCompleted\":\"\"},\"documentsForm\":{\"userId\":\"Y8owtSPWXddRGLr2ClSAGvHL7fa2\",\"license\":null,\"passport\":null,\"birth_certificate\":null,\"medicare\":null,\"creditcard\":null,\"id\":\"suHpz8sY0RvfkJBGGf6d\",\"driversLicense\":{\"fileUrl\":\"https://firebasestorage.googleapis.com/v0/b/testca-e3e5e.firebasestorage.app/o/Y8owtSPWXddRGLr2ClSAGvHL7fa2%2FjEUyP8H64f0SUoBfW0sr%2FdriversLicense%2Fe84130fd-6a27-4309-8b46-5fb6eeb2b3af_receipt-df288025.pdf?alt=media&token=d86bbdca-41bf-4a45-a2d3-664a18c0ba59\",\"fileName\":\"Y8owtSPWXddRGLr2ClSAGvHL7fa2/jEUyP8H64f0SUoBfW0sr/driversLicense/e84130fd-6a27-4309-8b46-5fb6eeb2b3af_receipt-df288025.pdf\",\"accessToken\":\"d86bbdca-41bf-4a45-a2d3-664a18c0ba59\"},\"birthCertificate\":{\"fileUrl\":\"https://firebasestorage.googleapis.com/v0/b/testca-e3e5e.firebasestorage.app/o/Y8owtSPWXddRGLr2ClSAGvHL7fa2%2FjEUyP8H64f0SUoBfW0sr%2FbirthCertificate%2Fc35d4ce0-fef6-44a3-b9a6-68819846b28b_marriage-certificate-11111%20(1).pdf?alt=media&token=639ce7aa-435b-4c4e-b256-b0e660d42207\",\"fileName\":\"Y8owtSPWXddRGLr2ClSAGvHL7fa2/jEUyP8H64f0SUoBfW0sr/birthCertificate/c35d4ce0-fef6-44a3-b9a6-68819846b28b_marriage-certificate-11111 (1).pdf\",\"accessToken\":\"639ce7aa-435b-4c4e-b256-b0e660d42207\"},\"resume\":{\"fileUrl\":\"https://firebasestorage.googleapis.com/v0/b/testca-e3e5e.firebasestorage.app/o/Y8owtSPWXddRGLr2ClSAGvHL7fa2%2FjEUyP8H64f0SUoBfW0sr%2Fresume%2F072178ec-45f3-49a3-bd4e-4c193ef276a3_marriage-certificate-11111%20(1).pdf?alt=media&token=48147f98-90ca-4e1e-8f3b-fde663932c04\",\"fileName\":\"Y8owtSPWXddRGLr2ClSAGvHL7fa2/jEUyP8H64f0SUoBfW0sr/resume/072178ec-45f3-49a3-bd4e-4c193ef276a3_marriage-certificate-11111 (1).pdf\",\"accessToken\":\"48147f98-90ca-4e1e-8f3b-fde663932c04\"},\"previousQualifications\":{\"fileUrl\":\"https://firebasestorage.googleapis.com/v0/b/testca-e3e5e.firebasestorage.app/o/Y8owtSPWXddRGLr2ClSAGvHL7fa2%2FjEUyP8H64f0SUoBfW0sr%2FpreviousQualifications%2Fcccce002-87bc-4181-946a-d13c3a7c6943_marriage-certificate-11111%20(1).pdf?alt=media&token=0740818d-f681-4df5-9ce1-db163a35e5b5\",\"fileName\":\"Y8owtSPWXddRGLr2ClSAGvHL7fa2/jEUyP8H64f0SUoBfW0sr/previousQualifications/cccce002-87bc-4181-946a-d13c3a7c6943_marriage-certificate-11111 (1).pdf\",\"accessToken\":\"0740818d-f681-4df5-9ce1-db163a35e5b5\"},\"reference1\":{\"fileUrl\":\"https://firebasestorage.googleapis.com/v0/b/testca-e3e5e.firebasestorage.app/o/Y8owtSPWXddRGLr2ClSAGvHL7fa2%2FjEUyP8H64f0SUoBfW0sr%2Freference1%2F84797d1a-7729-43ff-bce8-3c7d39ac0a3f_marriage-certificate-11111%20(1).pdf?alt=media&token=ac9bf8c9-5a8a-4440-aadb-39d93a05d192\",\"fileName\":\"Y8owtSPWXddRGLr2ClSAGvHL7fa2/jEUyP8H64f0SUoBfW0sr/reference1/84797d1a-7729-43ff-bce8-3c7d39ac0a3f_marriage-certificate-11111 (1).pdf\",\"accessToken\":\"ac9bf8c9-5a8a-4440-aadb-39d93a05d192\"},\"reference2\":{\"fileUrl\":\"https://firebasestorage.googleapis.com/v0/b/testca-e3e5e.firebasestorage.app/o/Y8owtSPWXddRGLr2ClSAGvHL7fa2%2FjEUyP8H64f0SUoBfW0sr%2Freference2%2F7f0018d3-da2d-4b19-bf00-d187a380d195_marriage-certificate-11111%20(1).pdf?alt=media&token=6418faa2-4ec2-4b5e-adac-adcf48ff899e\",\"fileName\":\"Y8owtSPWXddRGLr2ClSAGvHL7fa2/jEUyP8H64f0SUoBfW0sr/reference2/7f0018d3-da2d-4b19-bf00-d187a380d195_marriage-certificate-11111 (1).pdf\",\"accessToken\":\"6418faa2-4ec2-4b5e-adac-adcf48ff899e\"},\"employmentLetter\":{\"fileUrl\":\"https://firebasestorage.googleapis.com/v0/b/testca-e3e5e.firebasestorage.app/o/Y8owtSPWXddRGLr2ClSAGvHL7fa2%2FjEUyP8H64f0SUoBfW0sr%2FemploymentLetter%2Fa6a371e6-2423-41fd-b686-6da489d17680_marriage-certificate-11111%20(1).pdf?alt=media&token=a2f6b8d5-f10d-4a46-adb1-a301a538694b\",\"fileName\":\"Y8owtSPWXddRGLr2ClSAGvHL7fa2/jEUyP8H64f0SUoBfW0sr/employmentLetter/a6a371e6-2423-41fd-b686-6da489d17680_marriage-certificate-11111 (1).pdf\",\"accessToken\":\"a2f6b8d5-f10d-4a46-adb1-a301a538694b\"},\"payslip\":{\"fileUrl\":\"https://firebasestorage.googleapis.com/v0/b/testca-e3e5e.firebasestorage.app/o/Y8owtSPWXddRGLr2ClSAGvHL7fa2%2FjEUyP8H64f0SUoBfW0sr%2Fpayslip%2F6c0872a5-1f47-49d1-93d9-d33fcec7a363_marriage-certificate-11111%20(1).pdf?alt=media&token=6c77edf5-aa65-4d00-943d-8bdfb4333423\",\"fileName\":\"Y8owtSPWXddRGLr2ClSAGvHL7fa2/jEUyP8H64f0SUoBfW0sr/payslip/6c0872a5-1f47-49d1-93d9-d33fcec7a363_marriage-certificate-11111 (1).pdf\",\"accessToken\":\"6c77edf5-aa65-4d00-943d-8bdfb4333423\"}}}]}"
    }
}

{
    "request": {
        "timestamp": "2025-03-11T16:12:12.123Z",
        "ip": "::1",
        "method": "GET",
        "url": "/api/industry",
        "headers": {
            "host": "localhost:5000",
            "connection": "keep-alive",
            "sec-ch-ua-platform": "\"Windows\"",
            "user-agent": "Mozilla/5.0 (Windows NT 10.0; Win64; x64) AppleWebKit/537.36 (KHTML, like Gecko) Chrome/134.0.0.0 Safari/537.36",
            "accept": "application/json, text/plain, */*",
            "sec-ch-ua": "\"Chromium\";v=\"134\", \"Not:A-Brand\";v=\"24\", \"Google Chrome\";v=\"134\"",
            "sec-ch-ua-mobile": "?0",
            "origin": "http://localhost:5173",
            "sec-fetch-site": "same-site",
            "sec-fetch-mode": "cors",
            "sec-fetch-dest": "empty",
            "referer": "http://localhost:5173/",
            "accept-encoding": "gzip, deflate, br, zstd",
            "accept-language": "en-US,en;q=0.9",
            "if-none-match": "W/\"1db-4Gl88tIn0gh1XYsRrcDNO1jVQhk\""
        },
        "body": {},
        "params": {},
        "query": {},
        "route": "Unknown"
    },
    "response": {
        "timestamp": "2025-03-11T16:12:13.860Z",
        "statusCode": 200,
        "headers": {
            "x-powered-by": "Express",
            "access-control-allow-origin": "*"
        },
        "body": {
            "industries": [
                {
                    "id": "Ue83y8G2kqV3QsGx7Vl3",
                    "certifications": [
                        {
                            "industryId": "Ue83y8G2kqV3QsGx7Vl3",
                            "qualification": "Diploma",
                            "price": "600",
                            "type": "aes"
                        }
                    ],
                    "name": "HealthCare",
                    "description": "None"
                },
                {
                    "id": "s2jFaU4Tw6seJo5yw8Ri",
                    "certifications": [
                        {
                            "industryId": "s2jFaU4Tw6seJo5yw8Ri",
                            "qualification": "BS",
                            "price": "1000",
                            "type": "default"
                        },
                        {
                            "industryId": "s2jFaU4Tw6seJo5yw8Ri",
                            "qualification": "BSAI",
                            "price": "100",
                            "type": "aes"
                        }
                    ],
                    "name": "Software Engineering",
                    "description": "Wow"
                }
            ]
        }
    }
}

{
    "request": {
        "timestamp": "2025-03-11T16:12:12.123Z",
        "ip": "::1",
        "method": "GET",
        "url": "/api/industry",
        "headers": {
            "host": "localhost:5000",
            "connection": "keep-alive",
            "sec-ch-ua-platform": "\"Windows\"",
            "user-agent": "Mozilla/5.0 (Windows NT 10.0; Win64; x64) AppleWebKit/537.36 (KHTML, like Gecko) Chrome/134.0.0.0 Safari/537.36",
            "accept": "application/json, text/plain, */*",
            "sec-ch-ua": "\"Chromium\";v=\"134\", \"Not:A-Brand\";v=\"24\", \"Google Chrome\";v=\"134\"",
            "sec-ch-ua-mobile": "?0",
            "origin": "http://localhost:5173",
            "sec-fetch-site": "same-site",
            "sec-fetch-mode": "cors",
            "sec-fetch-dest": "empty",
            "referer": "http://localhost:5173/",
            "accept-encoding": "gzip, deflate, br, zstd",
            "accept-language": "en-US,en;q=0.9",
            "if-none-match": "W/\"1db-4Gl88tIn0gh1XYsRrcDNO1jVQhk\""
        },
        "body": {},
        "params": {},
        "query": {},
        "route": "Unknown"
    },
    "response": {
        "timestamp": "2025-03-11T16:12:13.860Z",
        "statusCode": 200,
        "headers": {
            "x-powered-by": "Express",
            "access-control-allow-origin": "*",
            "content-type": "application/json; charset=utf-8"
        },
        "body": "{\"industries\":[{\"id\":\"Ue83y8G2kqV3QsGx7Vl3\",\"certifications\":[{\"industryId\":\"Ue83y8G2kqV3QsGx7Vl3\",\"qualification\":\"Diploma\",\"price\":\"600\",\"type\":\"aes\"}],\"name\":\"HealthCare\",\"description\":\"None\"},{\"id\":\"s2jFaU4Tw6seJo5yw8Ri\",\"certifications\":[{\"industryId\":\"s2jFaU4Tw6seJo5yw8Ri\",\"qualification\":\"BS\",\"price\":\"1000\",\"type\":\"default\"},{\"industryId\":\"s2jFaU4Tw6seJo5yw8Ri\",\"qualification\":\"BSAI\",\"price\":\"100\",\"type\":\"aes\"}],\"name\":\"Software Engineering\",\"description\":\"Wow\"}]}"
    }
}

{
    "request": {
        "timestamp": "2025-03-11T16:12:13.862Z",
        "ip": "::1",
        "method": "GET",
        "url": "/api/industry",
        "headers": {
            "host": "localhost:5000",
            "connection": "keep-alive",
            "sec-ch-ua-platform": "\"Windows\"",
            "user-agent": "Mozilla/5.0 (Windows NT 10.0; Win64; x64) AppleWebKit/537.36 (KHTML, like Gecko) Chrome/134.0.0.0 Safari/537.36",
            "accept": "application/json, text/plain, */*",
            "sec-ch-ua": "\"Chromium\";v=\"134\", \"Not:A-Brand\";v=\"24\", \"Google Chrome\";v=\"134\"",
            "sec-ch-ua-mobile": "?0",
            "origin": "http://localhost:5173",
            "sec-fetch-site": "same-site",
            "sec-fetch-mode": "cors",
            "sec-fetch-dest": "empty",
            "referer": "http://localhost:5173/",
            "accept-encoding": "gzip, deflate, br, zstd",
            "accept-language": "en-US,en;q=0.9",
            "if-none-match": "W/\"1db-4Gl88tIn0gh1XYsRrcDNO1jVQhk\""
        },
        "body": {},
        "params": {},
        "query": {},
        "route": "Unknown"
    },
    "response": {
        "timestamp": "2025-03-11T16:12:15.585Z",
        "statusCode": 200,
        "headers": {
            "x-powered-by": "Express",
            "access-control-allow-origin": "*"
        },
        "body": {
            "industries": [
                {
                    "id": "Ue83y8G2kqV3QsGx7Vl3",
                    "certifications": [
                        {
                            "industryId": "Ue83y8G2kqV3QsGx7Vl3",
                            "qualification": "Diploma",
                            "price": "600",
                            "type": "aes"
                        }
                    ],
                    "name": "HealthCare",
                    "description": "None"
                },
                {
                    "id": "s2jFaU4Tw6seJo5yw8Ri",
                    "certifications": [
                        {
                            "industryId": "s2jFaU4Tw6seJo5yw8Ri",
                            "qualification": "BS",
                            "price": "1000",
                            "type": "default"
                        },
                        {
                            "industryId": "s2jFaU4Tw6seJo5yw8Ri",
                            "qualification": "BSAI",
                            "price": "100",
                            "type": "aes"
                        }
                    ],
                    "name": "Software Engineering",
                    "description": "Wow"
                }
            ]
        }
    }
}

{
    "request": {
        "timestamp": "2025-03-11T16:12:13.862Z",
        "ip": "::1",
        "method": "GET",
        "url": "/api/industry",
        "headers": {
            "host": "localhost:5000",
            "connection": "keep-alive",
            "sec-ch-ua-platform": "\"Windows\"",
            "user-agent": "Mozilla/5.0 (Windows NT 10.0; Win64; x64) AppleWebKit/537.36 (KHTML, like Gecko) Chrome/134.0.0.0 Safari/537.36",
            "accept": "application/json, text/plain, */*",
            "sec-ch-ua": "\"Chromium\";v=\"134\", \"Not:A-Brand\";v=\"24\", \"Google Chrome\";v=\"134\"",
            "sec-ch-ua-mobile": "?0",
            "origin": "http://localhost:5173",
            "sec-fetch-site": "same-site",
            "sec-fetch-mode": "cors",
            "sec-fetch-dest": "empty",
            "referer": "http://localhost:5173/",
            "accept-encoding": "gzip, deflate, br, zstd",
            "accept-language": "en-US,en;q=0.9",
            "if-none-match": "W/\"1db-4Gl88tIn0gh1XYsRrcDNO1jVQhk\""
        },
        "body": {},
        "params": {},
        "query": {},
        "route": "Unknown"
    },
    "response": {
        "timestamp": "2025-03-11T16:12:15.586Z",
        "statusCode": 200,
        "headers": {
            "x-powered-by": "Express",
            "access-control-allow-origin": "*",
            "content-type": "application/json; charset=utf-8"
        },
        "body": "{\"industries\":[{\"id\":\"Ue83y8G2kqV3QsGx7Vl3\",\"certifications\":[{\"industryId\":\"Ue83y8G2kqV3QsGx7Vl3\",\"qualification\":\"Diploma\",\"price\":\"600\",\"type\":\"aes\"}],\"name\":\"HealthCare\",\"description\":\"None\"},{\"id\":\"s2jFaU4Tw6seJo5yw8Ri\",\"certifications\":[{\"industryId\":\"s2jFaU4Tw6seJo5yw8Ri\",\"qualification\":\"BS\",\"price\":\"1000\",\"type\":\"default\"},{\"industryId\":\"s2jFaU4Tw6seJo5yw8Ri\",\"qualification\":\"BSAI\",\"price\":\"100\",\"type\":\"aes\"}],\"name\":\"Software Engineering\",\"description\":\"Wow\"}]}"
    }
}

{
    "request": {
        "timestamp": "2025-03-11T16:12:24.703Z",
        "ip": "::1",
        "method": "POST",
        "url": "/api/applications/new/Y8owtSPWXddRGLr2ClSAGvHL7fa2",
        "headers": {
            "host": "localhost:5000",
            "connection": "keep-alive",
            "content-length": "221",
            "sec-ch-ua-platform": "\"Windows\"",
            "user-agent": "Mozilla/5.0 (Windows NT 10.0; Win64; x64) AppleWebKit/537.36 (KHTML, like Gecko) Chrome/134.0.0.0 Safari/537.36",
            "accept": "application/json, text/plain, */*",
            "sec-ch-ua": "\"Chromium\";v=\"134\", \"Not:A-Brand\";v=\"24\", \"Google Chrome\";v=\"134\"",
            "content-type": "application/json",
            "sec-ch-ua-mobile": "?0",
            "origin": "http://localhost:5173",
            "sec-fetch-site": "same-site",
            "sec-fetch-mode": "cors",
            "sec-fetch-dest": "empty",
            "referer": "http://localhost:5173/",
            "accept-encoding": "gzip, deflate, br, zstd",
            "accept-language": "en-US,en;q=0.9"
        },
        "body": {
            "industry": "HealthCare",
            "lookingForWhatQualification": "Diploma",
            "yearsOfExperience": "1-2 years",
            "locationOfExperience": "Australia",
            "state": "Victoria",
            "formal_education": "No",
            "qualification": "",
            "type": "aes",
            "price": "600"
        },
        "params": {},
        "query": {},
        "route": "Unknown"
    },
    "response": {
        "timestamp": "2025-03-11T16:12:31.656Z",
        "statusCode": 201,
        "headers": {
            "x-powered-by": "Express",
            "access-control-allow-origin": "*",
            "content-type": "application/json; charset=utf-8"
        },
        "body": "{\"message\":\"Application created successfully\"}"
    }
}

{
    "request": {
        "timestamp": "2025-03-11T16:12:31.677Z",
        "ip": "::1",
        "method": "GET",
        "url": "/api/applications/user/Y8owtSPWXddRGLr2ClSAGvHL7fa2",
        "headers": {
            "host": "localhost:5000",
            "connection": "keep-alive",
            "sec-ch-ua-platform": "\"Windows\"",
            "user-agent": "Mozilla/5.0 (Windows NT 10.0; Win64; x64) AppleWebKit/537.36 (KHTML, like Gecko) Chrome/134.0.0.0 Safari/537.36",
            "accept": "application/json, text/plain, */*",
            "sec-ch-ua": "\"Chromium\";v=\"134\", \"Not:A-Brand\";v=\"24\", \"Google Chrome\";v=\"134\"",
            "sec-ch-ua-mobile": "?0",
            "origin": "http://localhost:5173",
            "sec-fetch-site": "same-site",
            "sec-fetch-mode": "cors",
            "sec-fetch-dest": "empty",
            "referer": "http://localhost:5173/",
            "accept-encoding": "gzip, deflate, br, zstd",
            "accept-language": "en-US,en;q=0.9",
            "if-none-match": "W/\"1a8e-xgJQT1/URxZZ+VhvMmTtbvo9tKE\""
        },
        "body": {},
        "params": {},
        "query": {},
        "route": "Unknown"
    },
    "response": {
        "timestamp": "2025-03-11T16:12:33.782Z",
        "statusCode": 200,
        "headers": {
            "x-powered-by": "Express",
            "access-control-allow-origin": "*",
            "content-type": "application/json; charset=utf-8"
        },
        "body": "{\"applications\":[{\"id\":\"jEUyP8H64f0SUoBfW0sr\",\"applicationId\":\"APP6667\",\"userId\":\"Y8owtSPWXddRGLr2ClSAGvHL7fa2\",\"initialFormId\":\"ICXInIjhu0xEtKquMLLF\",\"studentFormId\":\"JBXsTYIaR5igogT3c5ku\",\"documentsFormId\":\"suHpz8sY0RvfkJBGGf6d\",\"verified\":true,\"documents\":{},\"type\":\"aes\",\"price\":\"600\",\"applicationStatus\":[{\"statusname\":\"Student Intake Form\",\"completed\":false,\"time\":\"2025-03-11T09:09:58.157Z\"},{\"statusname\":\"payment\",\"installmentsApplied\":false,\"paid\":false,\"time\":\"2025-03-11T09:09:58.157Z\"},{\"statusname\":\"documents uploaded\",\"completed\":false,\"time\":\"2025-03-11T09:09:58.157Z\"},{\"statusname\":\"sent for verification\",\"time\":\"2025-03-11T09:09:58.157Z\"},{\"statusname\":\"verified\",\"time\":\"2025-03-11T09:09:58.157Z\"},{\"statusname\":\"completed\",\"time\":\"2025-03-11T09:09:58.157Z\"}],\"studentIntakeFormSubmitted\":true,\"payment1\":\"300\",\"payment2\":\"300\",\"partialScheme\":true,\"documentsUploaded\":true,\"paid\":true,\"amount_paid\":\"600\",\"full_paid\":true,\"assessed\":true,\"certificateId\":\"https://firebasestorage.googleapis.com/v0/b/testca-e3e5e.firebasestorage.app/o/f5889091-54c4-443f-b3e6-0d039d43e3cf?alt=media&token=6564f0c1-dc4c-4997-aea2-004968156697\",\"color\":\"green\",\"currentStatus\":\"Certificate Generated\",\"status\":[{\"statusname\":\"Student Intake Form\",\"time\":\"2025-03-11T09:09:58.157Z\"},{\"statusname\":\"Waiting for Documents\",\"time\":\"2025-03-11T09:42:17.117Z\"},{\"statusname\":\"Documents Uploaded\",\"time\":\"2025-03-11T09:52:04.077Z\"},{\"statusname\":\"Sent to Assessor\",\"time\":\"2025-03-11T09:55:58.282Z\"},{\"statusname\":\"Certificate Generated\",\"time\":\"2025-03-11T10:08:53.000Z\"}],\"initialForm\":{\"userId\":\"Y8owtSPWXddRGLr2ClSAGvHL7fa2\",\"formal_education\":\"No\",\"qualification\":\"\",\"state\":\"Victoria\",\"yearsOfExperience\":\"3-4 years\",\"locationOfExperience\":\"Overseas\",\"industry\":\"HealthCare\",\"lookingForWhatQualification\":\"Diploma\",\"id\":\"ICXInIjhu0xEtKquMLLF\"},\"studentForm\":{\"userId\":\"Y8owtSPWXddRGLr2ClSAGvHL7fa2\",\"educationLevel\":null,\"previousQualifications\":null,\"id\":\"JBXsTYIaR5igogT3c5ku\",\"date\":\"2025-03-11\",\"lastName\":\"Sipra\",\"employersLegalName\":\"\",\"gender\":\"male\",\"disability\":\"No\",\"businessName\":\"\",\"employmentStatus\":\"Unemployed\",\"englishLevel\":\"FLuent\",\"countryOfBirth\":\"Australia\",\"australianCitizen\":\"No\",\"contactNumber\":\"611111111111\",\"state\":\"NSW\",\"creditsTransfer\":\"No\",\"email\":\"sohaibsipra868@gmail.com\",\"homeAddress\":\"F\",\"employersContactNumber\":\"\",\"nameOfQualification\":\"\",\"postcode\":\"2000\",\"aboriginalOrTorresStraitIslander\":\"No\",\"USI\":\"12345\",\"agree\":true,\"employersAddress\":\"\",\"firstName\":\"Sohaib\",\"dob\":\"2002-08-16\",\"suburb\":\"F\",\"middleName\":\"Ahmed\",\"position\":\"\",\"YearCompleted\":\"\"},\"documentsForm\":{\"userId\":\"Y8owtSPWXddRGLr2ClSAGvHL7fa2\",\"license\":null,\"passport\":null,\"birth_certificate\":null,\"medicare\":null,\"creditcard\":null,\"id\":\"suHpz8sY0RvfkJBGGf6d\",\"driversLicense\":{\"fileUrl\":\"https://firebasestorage.googleapis.com/v0/b/testca-e3e5e.firebasestorage.app/o/Y8owtSPWXddRGLr2ClSAGvHL7fa2%2FjEUyP8H64f0SUoBfW0sr%2FdriversLicense%2Fe84130fd-6a27-4309-8b46-5fb6eeb2b3af_receipt-df288025.pdf?alt=media&token=d86bbdca-41bf-4a45-a2d3-664a18c0ba59\",\"fileName\":\"Y8owtSPWXddRGLr2ClSAGvHL7fa2/jEUyP8H64f0SUoBfW0sr/driversLicense/e84130fd-6a27-4309-8b46-5fb6eeb2b3af_receipt-df288025.pdf\",\"accessToken\":\"d86bbdca-41bf-4a45-a2d3-664a18c0ba59\"},\"birthCertificate\":{\"fileUrl\":\"https://firebasestorage.googleapis.com/v0/b/testca-e3e5e.firebasestorage.app/o/Y8owtSPWXddRGLr2ClSAGvHL7fa2%2FjEUyP8H64f0SUoBfW0sr%2FbirthCertificate%2Fc35d4ce0-fef6-44a3-b9a6-68819846b28b_marriage-certificate-11111%20(1).pdf?alt=media&token=639ce7aa-435b-4c4e-b256-b0e660d42207\",\"fileName\":\"Y8owtSPWXddRGLr2ClSAGvHL7fa2/jEUyP8H64f0SUoBfW0sr/birthCertificate/c35d4ce0-fef6-44a3-b9a6-68819846b28b_marriage-certificate-11111 (1).pdf\",\"accessToken\":\"639ce7aa-435b-4c4e-b256-b0e660d42207\"},\"resume\":{\"fileUrl\":\"https://firebasestorage.googleapis.com/v0/b/testca-e3e5e.firebasestorage.app/o/Y8owtSPWXddRGLr2ClSAGvHL7fa2%2FjEUyP8H64f0SUoBfW0sr%2Fresume%2F072178ec-45f3-49a3-bd4e-4c193ef276a3_marriage-certificate-11111%20(1).pdf?alt=media&token=48147f98-90ca-4e1e-8f3b-fde663932c04\",\"fileName\":\"Y8owtSPWXddRGLr2ClSAGvHL7fa2/jEUyP8H64f0SUoBfW0sr/resume/072178ec-45f3-49a3-bd4e-4c193ef276a3_marriage-certificate-11111 (1).pdf\",\"accessToken\":\"48147f98-90ca-4e1e-8f3b-fde663932c04\"},\"previousQualifications\":{\"fileUrl\":\"https://firebasestorage.googleapis.com/v0/b/testca-e3e5e.firebasestorage.app/o/Y8owtSPWXddRGLr2ClSAGvHL7fa2%2FjEUyP8H64f0SUoBfW0sr%2FpreviousQualifications%2Fcccce002-87bc-4181-946a-d13c3a7c6943_marriage-certificate-11111%20(1).pdf?alt=media&token=0740818d-f681-4df5-9ce1-db163a35e5b5\",\"fileName\":\"Y8owtSPWXddRGLr2ClSAGvHL7fa2/jEUyP8H64f0SUoBfW0sr/previousQualifications/cccce002-87bc-4181-946a-d13c3a7c6943_marriage-certificate-11111 (1).pdf\",\"accessToken\":\"0740818d-f681-4df5-9ce1-db163a35e5b5\"},\"reference1\":{\"fileUrl\":\"https://firebasestorage.googleapis.com/v0/b/testca-e3e5e.firebasestorage.app/o/Y8owtSPWXddRGLr2ClSAGvHL7fa2%2FjEUyP8H64f0SUoBfW0sr%2Freference1%2F84797d1a-7729-43ff-bce8-3c7d39ac0a3f_marriage-certificate-11111%20(1).pdf?alt=media&token=ac9bf8c9-5a8a-4440-aadb-39d93a05d192\",\"fileName\":\"Y8owtSPWXddRGLr2ClSAGvHL7fa2/jEUyP8H64f0SUoBfW0sr/reference1/84797d1a-7729-43ff-bce8-3c7d39ac0a3f_marriage-certificate-11111 (1).pdf\",\"accessToken\":\"ac9bf8c9-5a8a-4440-aadb-39d93a05d192\"},\"reference2\":{\"fileUrl\":\"https://firebasestorage.googleapis.com/v0/b/testca-e3e5e.firebasestorage.app/o/Y8owtSPWXddRGLr2ClSAGvHL7fa2%2FjEUyP8H64f0SUoBfW0sr%2Freference2%2F7f0018d3-da2d-4b19-bf00-d187a380d195_marriage-certificate-11111%20(1).pdf?alt=media&token=6418faa2-4ec2-4b5e-adac-adcf48ff899e\",\"fileName\":\"Y8owtSPWXddRGLr2ClSAGvHL7fa2/jEUyP8H64f0SUoBfW0sr/reference2/7f0018d3-da2d-4b19-bf00-d187a380d195_marriage-certificate-11111 (1).pdf\",\"accessToken\":\"6418faa2-4ec2-4b5e-adac-adcf48ff899e\"},\"employmentLetter\":{\"fileUrl\":\"https://firebasestorage.googleapis.com/v0/b/testca-e3e5e.firebasestorage.app/o/Y8owtSPWXddRGLr2ClSAGvHL7fa2%2FjEUyP8H64f0SUoBfW0sr%2FemploymentLetter%2Fa6a371e6-2423-41fd-b686-6da489d17680_marriage-certificate-11111%20(1).pdf?alt=media&token=a2f6b8d5-f10d-4a46-adb1-a301a538694b\",\"fileName\":\"Y8owtSPWXddRGLr2ClSAGvHL7fa2/jEUyP8H64f0SUoBfW0sr/employmentLetter/a6a371e6-2423-41fd-b686-6da489d17680_marriage-certificate-11111 (1).pdf\",\"accessToken\":\"a2f6b8d5-f10d-4a46-adb1-a301a538694b\"},\"payslip\":{\"fileUrl\":\"https://firebasestorage.googleapis.com/v0/b/testca-e3e5e.firebasestorage.app/o/Y8owtSPWXddRGLr2ClSAGvHL7fa2%2FjEUyP8H64f0SUoBfW0sr%2Fpayslip%2F6c0872a5-1f47-49d1-93d9-d33fcec7a363_marriage-certificate-11111%20(1).pdf?alt=media&token=6c77edf5-aa65-4d00-943d-8bdfb4333423\",\"fileName\":\"Y8owtSPWXddRGLr2ClSAGvHL7fa2/jEUyP8H64f0SUoBfW0sr/payslip/6c0872a5-1f47-49d1-93d9-d33fcec7a363_marriage-certificate-11111 (1).pdf\",\"accessToken\":\"6c77edf5-aa65-4d00-943d-8bdfb4333423\"}}},{\"applicationId\":\"APP3398\",\"userId\":\"Y8owtSPWXddRGLr2ClSAGvHL7fa2\",\"initialFormId\":\"3IDu0oC0io0UUqLpyBWH\",\"studentFormId\":\"zO1E0qC6cGyjHe55BZcs\",\"documentsFormId\":\"opS4PjCqMYBYhVxfxjpz\",\"certificateId\":null,\"status\":[{\"statusname\":\"Student Intake Form\",\"time\":\"2025-03-11T16:12:29.930Z\"}],\"verified\":true,\"paid\":false,\"documents\":{},\"currentStatus\":\"Student Intake Form\",\"type\":\"aes\",\"price\":\"600\",\"id\":\"rg4ZePxSjP5tMUBfdFLc\",\"initialForm\":{\"userId\":\"Y8owtSPWXddRGLr2ClSAGvHL7fa2\",\"formal_education\":\"No\",\"qualification\":\"\",\"state\":\"Victoria\",\"yearsOfExperience\":\"1-2 years\",\"locationOfExperience\":\"Australia\",\"industry\":\"HealthCare\",\"lookingForWhatQualification\":\"Diploma\",\"id\":\"3IDu0oC0io0UUqLpyBWH\"},\"studentForm\":{\"userId\":\"Y8owtSPWXddRGLr2ClSAGvHL7fa2\",\"firstName\":null,\"lastName\":null,\"middleName\":null,\"USI\":null,\"gender\":null,\"dob\":null,\"homeAddress\":null,\"suburb\":null,\"postcode\":null,\"state\":null,\"contactNumber\":null,\"email\":null,\"countryOfBirth\":null,\"australianCitizen\":null,\"aboriginalOrTorresStraitIslander\":null,\"englishLevel\":null,\"disability\":null,\"educationLevel\":null,\"previousQualifications\":null,\"employmentStatus\":null,\"businessName\":null,\"position\":null,\"employersLegalName\":null,\"employersAddress\":null,\"employersContactNumber\":null,\"creditsTransfer\":null,\"nameOfQualification\":null,\"YearCompleted\":null,\"agree\":false,\"date\":null,\"id\":\"zO1E0qC6cGyjHe55BZcs\"},\"documentsForm\":{\"creditcard\":null,\"resume\":null,\"previousQualifications\":null,\"reference1\":null,\"reference2\":null,\"employmentLetter\":null,\"payslip\":null,\"id\":\"opS4PjCqMYBYhVxfxjpz\"}}]}"
    }
}

{
    "request": {
        "timestamp": "2025-03-11T16:13:01.507Z",
        "ip": "::1",
        "method": "POST",
        "url": "/api/applications/processPayment/rg4ZePxSjP5tMUBfdFLc",
        "headers": {
            "host": "localhost:5000",
            "connection": "keep-alive",
            "content-length": "105",
            "sec-ch-ua-platform": "\"Windows\"",
            "user-agent": "Mozilla/5.0 (Windows NT 10.0; Win64; x64) AppleWebKit/537.36 (KHTML, like Gecko) Chrome/134.0.0.0 Safari/537.36",
            "sec-ch-ua": "\"Chromium\";v=\"134\", \"Not:A-Brand\";v=\"24\", \"Google Chrome\";v=\"134\"",
            "content-type": "application/json",
            "sec-ch-ua-mobile": "?0",
            "accept": "*/*",
            "origin": "http://localhost:5173",
            "sec-fetch-site": "same-site",
            "sec-fetch-mode": "cors",
            "sec-fetch-dest": "empty",
            "referer": "http://localhost:5173/",
            "accept-encoding": "gzip, deflate, br, zstd",
            "accept-language": "en-US,en;q=0.9"
        },
        "body": {
            "sourceId": "cnon:CA4SEMs_17yw5DJMTHn0v8-QbIcYASgB",
            "price": "600",
            "applicationId": "rg4ZePxSjP5tMUBfdFLc"
        },
        "params": {},
        "query": {},
        "route": "Unknown"
    },
    "response": {
        "timestamp": "2025-03-11T16:13:15.860Z",
        "statusCode": 200,
        "headers": {
            "x-powered-by": "Express",
            "access-control-allow-origin": "*",
            "content-type": "application/json; charset=utf-8"
        },
        "body": "{\"success\":true}"
    }
}

{
    "request": {
        "timestamp": "2025-03-11T16:13:15.865Z",
        "ip": "::1",
        "method": "GET",
        "url": "/api/applications/user/Y8owtSPWXddRGLr2ClSAGvHL7fa2",
        "headers": {
            "host": "localhost:5000",
            "connection": "keep-alive",
            "sec-ch-ua-platform": "\"Windows\"",
            "user-agent": "Mozilla/5.0 (Windows NT 10.0; Win64; x64) AppleWebKit/537.36 (KHTML, like Gecko) Chrome/134.0.0.0 Safari/537.36",
            "accept": "application/json, text/plain, */*",
            "sec-ch-ua": "\"Chromium\";v=\"134\", \"Not:A-Brand\";v=\"24\", \"Google Chrome\";v=\"134\"",
            "sec-ch-ua-mobile": "?0",
            "origin": "http://localhost:5173",
            "sec-fetch-site": "same-site",
            "sec-fetch-mode": "cors",
            "sec-fetch-dest": "empty",
            "referer": "http://localhost:5173/",
            "accept-encoding": "gzip, deflate, br, zstd",
            "accept-language": "en-US,en;q=0.9",
            "if-none-match": "W/\"20ae-8YYtr5BVy7e01BxQKuglnC53Sbg\""
        },
        "body": {},
        "params": {},
        "query": {},
        "route": "Unknown"
    },
    "response": {
        "timestamp": "2025-03-11T16:13:17.980Z",
        "statusCode": 200,
        "headers": {
            "x-powered-by": "Express",
            "access-control-allow-origin": "*",
            "content-type": "application/json; charset=utf-8"
        },
        "body": "{\"applications\":[{\"id\":\"jEUyP8H64f0SUoBfW0sr\",\"applicationId\":\"APP6667\",\"userId\":\"Y8owtSPWXddRGLr2ClSAGvHL7fa2\",\"initialFormId\":\"ICXInIjhu0xEtKquMLLF\",\"studentFormId\":\"JBXsTYIaR5igogT3c5ku\",\"documentsFormId\":\"suHpz8sY0RvfkJBGGf6d\",\"verified\":true,\"documents\":{},\"type\":\"aes\",\"price\":\"600\",\"applicationStatus\":[{\"statusname\":\"Student Intake Form\",\"completed\":false,\"time\":\"2025-03-11T09:09:58.157Z\"},{\"statusname\":\"payment\",\"installmentsApplied\":false,\"paid\":false,\"time\":\"2025-03-11T09:09:58.157Z\"},{\"statusname\":\"documents uploaded\",\"completed\":false,\"time\":\"2025-03-11T09:09:58.157Z\"},{\"statusname\":\"sent for verification\",\"time\":\"2025-03-11T09:09:58.157Z\"},{\"statusname\":\"verified\",\"time\":\"2025-03-11T09:09:58.157Z\"},{\"statusname\":\"completed\",\"time\":\"2025-03-11T09:09:58.157Z\"}],\"studentIntakeFormSubmitted\":true,\"payment1\":\"300\",\"payment2\":\"300\",\"partialScheme\":true,\"documentsUploaded\":true,\"paid\":true,\"amount_paid\":\"600\",\"full_paid\":true,\"assessed\":true,\"certificateId\":\"https://firebasestorage.googleapis.com/v0/b/testca-e3e5e.firebasestorage.app/o/f5889091-54c4-443f-b3e6-0d039d43e3cf?alt=media&token=6564f0c1-dc4c-4997-aea2-004968156697\",\"color\":\"green\",\"currentStatus\":\"Certificate Generated\",\"status\":[{\"statusname\":\"Student Intake Form\",\"time\":\"2025-03-11T09:09:58.157Z\"},{\"statusname\":\"Waiting for Documents\",\"time\":\"2025-03-11T09:42:17.117Z\"},{\"statusname\":\"Documents Uploaded\",\"time\":\"2025-03-11T09:52:04.077Z\"},{\"statusname\":\"Sent to Assessor\",\"time\":\"2025-03-11T09:55:58.282Z\"},{\"statusname\":\"Certificate Generated\",\"time\":\"2025-03-11T10:08:53.000Z\"}],\"initialForm\":{\"userId\":\"Y8owtSPWXddRGLr2ClSAGvHL7fa2\",\"formal_education\":\"No\",\"qualification\":\"\",\"state\":\"Victoria\",\"yearsOfExperience\":\"3-4 years\",\"locationOfExperience\":\"Overseas\",\"industry\":\"HealthCare\",\"lookingForWhatQualification\":\"Diploma\",\"id\":\"ICXInIjhu0xEtKquMLLF\"},\"studentForm\":{\"userId\":\"Y8owtSPWXddRGLr2ClSAGvHL7fa2\",\"educationLevel\":null,\"previousQualifications\":null,\"id\":\"JBXsTYIaR5igogT3c5ku\",\"date\":\"2025-03-11\",\"lastName\":\"Sipra\",\"employersLegalName\":\"\",\"gender\":\"male\",\"disability\":\"No\",\"businessName\":\"\",\"employmentStatus\":\"Unemployed\",\"englishLevel\":\"FLuent\",\"countryOfBirth\":\"Australia\",\"australianCitizen\":\"No\",\"contactNumber\":\"611111111111\",\"state\":\"NSW\",\"creditsTransfer\":\"No\",\"email\":\"sohaibsipra868@gmail.com\",\"homeAddress\":\"F\",\"employersContactNumber\":\"\",\"nameOfQualification\":\"\",\"postcode\":\"2000\",\"aboriginalOrTorresStraitIslander\":\"No\",\"USI\":\"12345\",\"agree\":true,\"employersAddress\":\"\",\"firstName\":\"Sohaib\",\"dob\":\"2002-08-16\",\"suburb\":\"F\",\"middleName\":\"Ahmed\",\"position\":\"\",\"YearCompleted\":\"\"},\"documentsForm\":{\"userId\":\"Y8owtSPWXddRGLr2ClSAGvHL7fa2\",\"license\":null,\"passport\":null,\"birth_certificate\":null,\"medicare\":null,\"creditcard\":null,\"id\":\"suHpz8sY0RvfkJBGGf6d\",\"driversLicense\":{\"fileUrl\":\"https://firebasestorage.googleapis.com/v0/b/testca-e3e5e.firebasestorage.app/o/Y8owtSPWXddRGLr2ClSAGvHL7fa2%2FjEUyP8H64f0SUoBfW0sr%2FdriversLicense%2Fe84130fd-6a27-4309-8b46-5fb6eeb2b3af_receipt-df288025.pdf?alt=media&token=d86bbdca-41bf-4a45-a2d3-664a18c0ba59\",\"fileName\":\"Y8owtSPWXddRGLr2ClSAGvHL7fa2/jEUyP8H64f0SUoBfW0sr/driversLicense/e84130fd-6a27-4309-8b46-5fb6eeb2b3af_receipt-df288025.pdf\",\"accessToken\":\"d86bbdca-41bf-4a45-a2d3-664a18c0ba59\"},\"birthCertificate\":{\"fileUrl\":\"https://firebasestorage.googleapis.com/v0/b/testca-e3e5e.firebasestorage.app/o/Y8owtSPWXddRGLr2ClSAGvHL7fa2%2FjEUyP8H64f0SUoBfW0sr%2FbirthCertificate%2Fc35d4ce0-fef6-44a3-b9a6-68819846b28b_marriage-certificate-11111%20(1).pdf?alt=media&token=639ce7aa-435b-4c4e-b256-b0e660d42207\",\"fileName\":\"Y8owtSPWXddRGLr2ClSAGvHL7fa2/jEUyP8H64f0SUoBfW0sr/birthCertificate/c35d4ce0-fef6-44a3-b9a6-68819846b28b_marriage-certificate-11111 (1).pdf\",\"accessToken\":\"639ce7aa-435b-4c4e-b256-b0e660d42207\"},\"resume\":{\"fileUrl\":\"https://firebasestorage.googleapis.com/v0/b/testca-e3e5e.firebasestorage.app/o/Y8owtSPWXddRGLr2ClSAGvHL7fa2%2FjEUyP8H64f0SUoBfW0sr%2Fresume%2F072178ec-45f3-49a3-bd4e-4c193ef276a3_marriage-certificate-11111%20(1).pdf?alt=media&token=48147f98-90ca-4e1e-8f3b-fde663932c04\",\"fileName\":\"Y8owtSPWXddRGLr2ClSAGvHL7fa2/jEUyP8H64f0SUoBfW0sr/resume/072178ec-45f3-49a3-bd4e-4c193ef276a3_marriage-certificate-11111 (1).pdf\",\"accessToken\":\"48147f98-90ca-4e1e-8f3b-fde663932c04\"},\"previousQualifications\":{\"fileUrl\":\"https://firebasestorage.googleapis.com/v0/b/testca-e3e5e.firebasestorage.app/o/Y8owtSPWXddRGLr2ClSAGvHL7fa2%2FjEUyP8H64f0SUoBfW0sr%2FpreviousQualifications%2Fcccce002-87bc-4181-946a-d13c3a7c6943_marriage-certificate-11111%20(1).pdf?alt=media&token=0740818d-f681-4df5-9ce1-db163a35e5b5\",\"fileName\":\"Y8owtSPWXddRGLr2ClSAGvHL7fa2/jEUyP8H64f0SUoBfW0sr/previousQualifications/cccce002-87bc-4181-946a-d13c3a7c6943_marriage-certificate-11111 (1).pdf\",\"accessToken\":\"0740818d-f681-4df5-9ce1-db163a35e5b5\"},\"reference1\":{\"fileUrl\":\"https://firebasestorage.googleapis.com/v0/b/testca-e3e5e.firebasestorage.app/o/Y8owtSPWXddRGLr2ClSAGvHL7fa2%2FjEUyP8H64f0SUoBfW0sr%2Freference1%2F84797d1a-7729-43ff-bce8-3c7d39ac0a3f_marriage-certificate-11111%20(1).pdf?alt=media&token=ac9bf8c9-5a8a-4440-aadb-39d93a05d192\",\"fileName\":\"Y8owtSPWXddRGLr2ClSAGvHL7fa2/jEUyP8H64f0SUoBfW0sr/reference1/84797d1a-7729-43ff-bce8-3c7d39ac0a3f_marriage-certificate-11111 (1).pdf\",\"accessToken\":\"ac9bf8c9-5a8a-4440-aadb-39d93a05d192\"},\"reference2\":{\"fileUrl\":\"https://firebasestorage.googleapis.com/v0/b/testca-e3e5e.firebasestorage.app/o/Y8owtSPWXddRGLr2ClSAGvHL7fa2%2FjEUyP8H64f0SUoBfW0sr%2Freference2%2F7f0018d3-da2d-4b19-bf00-d187a380d195_marriage-certificate-11111%20(1).pdf?alt=media&token=6418faa2-4ec2-4b5e-adac-adcf48ff899e\",\"fileName\":\"Y8owtSPWXddRGLr2ClSAGvHL7fa2/jEUyP8H64f0SUoBfW0sr/reference2/7f0018d3-da2d-4b19-bf00-d187a380d195_marriage-certificate-11111 (1).pdf\",\"accessToken\":\"6418faa2-4ec2-4b5e-adac-adcf48ff899e\"},\"employmentLetter\":{\"fileUrl\":\"https://firebasestorage.googleapis.com/v0/b/testca-e3e5e.firebasestorage.app/o/Y8owtSPWXddRGLr2ClSAGvHL7fa2%2FjEUyP8H64f0SUoBfW0sr%2FemploymentLetter%2Fa6a371e6-2423-41fd-b686-6da489d17680_marriage-certificate-11111%20(1).pdf?alt=media&token=a2f6b8d5-f10d-4a46-adb1-a301a538694b\",\"fileName\":\"Y8owtSPWXddRGLr2ClSAGvHL7fa2/jEUyP8H64f0SUoBfW0sr/employmentLetter/a6a371e6-2423-41fd-b686-6da489d17680_marriage-certificate-11111 (1).pdf\",\"accessToken\":\"a2f6b8d5-f10d-4a46-adb1-a301a538694b\"},\"payslip\":{\"fileUrl\":\"https://firebasestorage.googleapis.com/v0/b/testca-e3e5e.firebasestorage.app/o/Y8owtSPWXddRGLr2ClSAGvHL7fa2%2FjEUyP8H64f0SUoBfW0sr%2Fpayslip%2F6c0872a5-1f47-49d1-93d9-d33fcec7a363_marriage-certificate-11111%20(1).pdf?alt=media&token=6c77edf5-aa65-4d00-943d-8bdfb4333423\",\"fileName\":\"Y8owtSPWXddRGLr2ClSAGvHL7fa2/jEUyP8H64f0SUoBfW0sr/payslip/6c0872a5-1f47-49d1-93d9-d33fcec7a363_marriage-certificate-11111 (1).pdf\",\"accessToken\":\"6c77edf5-aa65-4d00-943d-8bdfb4333423\"}}},{\"applicationId\":\"APP3398\",\"userId\":\"Y8owtSPWXddRGLr2ClSAGvHL7fa2\",\"initialFormId\":\"3IDu0oC0io0UUqLpyBWH\",\"studentFormId\":\"zO1E0qC6cGyjHe55BZcs\",\"documentsFormId\":\"opS4PjCqMYBYhVxfxjpz\",\"certificateId\":null,\"verified\":true,\"documents\":{},\"type\":\"aes\",\"price\":\"600\",\"id\":\"rg4ZePxSjP5tMUBfdFLc\",\"amount_paid\":\"600\",\"full_paid\":true,\"paid\":true,\"currentStatus\":\"Sent to Assessor\",\"status\":[{\"statusname\":\"Student Intake Form\",\"time\":\"2025-03-11T16:12:29.930Z\"},{\"statusname\":\"Sent to Assessor\",\"time\":\"2025-03-11T16:13:04.772Z\"}],\"initialForm\":{\"userId\":\"Y8owtSPWXddRGLr2ClSAGvHL7fa2\",\"formal_education\":\"No\",\"qualification\":\"\",\"state\":\"Victoria\",\"yearsOfExperience\":\"1-2 years\",\"locationOfExperience\":\"Australia\",\"industry\":\"HealthCare\",\"lookingForWhatQualification\":\"Diploma\",\"id\":\"3IDu0oC0io0UUqLpyBWH\"},\"studentForm\":{\"userId\":\"Y8owtSPWXddRGLr2ClSAGvHL7fa2\",\"firstName\":null,\"lastName\":null,\"middleName\":null,\"USI\":null,\"gender\":null,\"dob\":null,\"homeAddress\":null,\"suburb\":null,\"postcode\":null,\"state\":null,\"contactNumber\":null,\"email\":null,\"countryOfBirth\":null,\"australianCitizen\":null,\"aboriginalOrTorresStraitIslander\":null,\"englishLevel\":null,\"disability\":null,\"educationLevel\":null,\"previousQualifications\":null,\"employmentStatus\":null,\"businessName\":null,\"position\":null,\"employersLegalName\":null,\"employersAddress\":null,\"employersContactNumber\":null,\"creditsTransfer\":null,\"nameOfQualification\":null,\"YearCompleted\":null,\"agree\":false,\"date\":null,\"id\":\"zO1E0qC6cGyjHe55BZcs\"},\"documentsForm\":{\"creditcard\":null,\"resume\":null,\"previousQualifications\":null,\"reference1\":null,\"reference2\":null,\"employmentLetter\":null,\"payslip\":null,\"id\":\"opS4PjCqMYBYhVxfxjpz\"}}]}"
    }
}
